# JRE version: OpenJDK Runtime Environment Zulu13.37+21-CA (13.0.6+5) (build 13.0.6+5-MTS)
# Java VM: OpenJDK 64-Bit Server VM Zulu13.37+21-CA (13.0.6+5-MTS, mixed mode, tiered, compressed oops, g1 gc, bsd-aarch64)
Heap:
 garbage-first heap   total 94208K, used 29295K [0x00000006c0000000, 0x00000007c0000000)
  region size 1024K, 15 young (15360K), 6 survivors (6144K)
 Metaspace       used 45896K, capacity 47496K, committed 47760K, reserved 1091584K
  class space    used 5746K, capacity 6361K, committed 6400K, reserved 1048576K
GC Heap History (18 events):
Event: 0.324 GC heap before
{Heap before GC invocations=0 (full 0):
 garbage-first heap   total 262144K, used 25600K [0x00000006c0000000, 0x00000007c0000000)
  region size 1024K, 24 young (24576K), 0 survivors (0K)
 Metaspace       used 13149K, capacity 13483K, committed 13568K, reserved 1060864K
  class space    used 1361K, capacity 1466K, committed 1536K, reserved 1048576K
}
Event: 0.328 GC heap after
{Heap after GC invocations=1 (full 0):
 garbage-first heap   total 262144K, used 8641K [0x00000006c0000000, 0x00000007c0000000)
  region size 1024K, 3 young (3072K), 3 survivors (3072K)
 Metaspace       used 13149K, capacity 13483K, committed 13568K, reserved 1060864K
  class space    used 1361K, capacity 1466K, committed 1536K, reserved 1048576K
}
Event: 0.584 GC heap before
{Heap before GC invocations=1 (full 0):
 garbage-first heap   total 262144K, used 56769K [0x00000006c0000000, 0x00000007c0000000)
  region size 1024K, 51 young (52224K), 3 survivors (3072K)
 Metaspace       used 20613K, capacity 21136K, committed 21296K, reserved 1069056K
  class space    used 2379K, capacity 2588K, committed 2688K, reserved 1048576K
}
Event: 0.589 GC heap after
{Heap after GC invocations=2 (full 0):
 garbage-first heap   total 262144K, used 11193K [0x00000006c0000000, 0x00000007c0000000)
  region size 1024K, 6 young (6144K), 6 survivors (6144K)
 Metaspace       used 20613K, capacity 21136K, committed 21296K, reserved 1069056K
  class space    used 2379K, capacity 2588K, committed 2688K, reserved 1048576K
}
Event: 0.688 GC heap before
{Heap before GC invocations=3 (full 0):
 garbage-first heap   total 48128K, used 33721K [0x00000006c0000000, 0x00000007c0000000)
  region size 1024K, 28 young (28672K), 6 survivors (6144K)
 Metaspace       used 23201K, capacity 23851K, committed 23984K, reserved 1071104K
  class space    used 2730K, capacity 2984K, committed 3072K, reserved 1048576K
}
Event: 0.692 GC heap after
{Heap after GC invocations=4 (full 0):
 garbage-first heap   total 48128K, used 11991K [0x00000006c0000000, 0x00000007c0000000)
  region size 1024K, 2 young (2048K), 2 survivors (2048K)
 Metaspace       used 23201K, capacity 23851K, committed 23984K, reserved 1071104K
  class space    used 2730K, capacity 2984K, committed 3072K, reserved 1048576K
}
Event: 0.768 GC heap before
{Heap before GC invocations=4 (full 0):
 garbage-first heap   total 48128K, used 30423K [0x00000006c0000000, 0x00000007c0000000)
  region size 1024K, 21 young (21504K), 2 survivors (2048K)
 Metaspace       used 24497K, capacity 25257K, committed 25392K, reserved 1071104K
  class space    used 2902K, capacity 3200K, committed 3200K, reserved 1048576K
}
Event: 0.770 GC heap after
{Heap after GC invocations=5 (full 0):
 garbage-first heap   total 48128K, used 12837K [0x00000006c0000000, 0x00000007c0000000)
  region size 1024K, 2 young (2048K), 2 survivors (2048K)
 Metaspace       used 24497K, capacity 25257K, committed 25392K, reserved 1071104K
  class space    used 2902K, capacity 3200K, committed 3200K, reserved 1048576K
}
Event: 0.859 GC heap before
{Heap before GC invocations=5 (full 0):
 garbage-first heap   total 48128K, used 33317K [0x00000006c0000000, 0x00000007c0000000)
  region size 1024K, 22 young (22528K), 2 survivors (2048K)
 Metaspace       used 25887K, capacity 26662K, committed 26928K, reserved 1073152K
  class space    used 3090K, capacity 3408K, committed 3456K, reserved 1048576K
}
Event: 0.862 GC heap after
{Heap after GC invocations=6 (full 0):
 garbage-first heap   total 155648K, used 13156K [0x00000006c0000000, 0x00000007c0000000)
  region size 1024K, 2 young (2048K), 2 survivors (2048K)
 Metaspace       used 25887K, capacity 26662K, committed 26928K, reserved 1073152K
  class space    used 3090K, capacity 3408K, committed 3456K, reserved 1048576K
}
Event: 1.142 GC heap before
{Heap before GC invocations=6 (full 0):
 garbage-first heap   total 155648K, used 78692K [0x00000006c0000000, 0x00000007c0000000)
  region size 1024K, 65 young (66560K), 2 survivors (2048K)
 Metaspace       used 32646K, capacity 33684K, committed 33840K, reserved 1079296K
  class space    used 3979K, capacity 4387K, committed 4480K, reserved 1048576K
}
Event: 1.146 GC heap after
{Heap after GC invocations=7 (full 0):
 garbage-first heap   total 155648K, used 17512K [0x00000006c0000000, 0x00000007c0000000)
  region size 1024K, 5 young (5120K), 5 survivors (5120K)
 Metaspace       used 32646K, capacity 33684K, committed 33840K, reserved 1079296K
  class space    used 3979K, capacity 4387K, committed 4480K, reserved 1048576K
}
Event: 1.243 GC heap before
{Heap before GC invocations=7 (full 0):
 garbage-first heap   total 155648K, used 51304K [0x00000006c0000000, 0x00000007c0000000)
  region size 1024K, 40 young (40960K), 5 survivors (5120K)
 Metaspace       used 34614K, capacity 35757K, committed 35888K, reserved 1081344K
  class space    used 4271K, capacity 4731K, committed 4736K, reserved 1048576K
}
Event: 1.247 GC heap after
{Heap after GC invocations=8 (full 0):
 garbage-first heap   total 155648K, used 17708K [0x00000006c0000000, 0x00000007c0000000)
  region size 1024K, 6 young (6144K), 6 survivors (6144K)
 Metaspace       used 34614K, capacity 35757K, committed 35888K, reserved 1081344K
  class space    used 4271K, capacity 4731K, committed 4736K, reserved 1048576K
}
Event: 1.474 GC heap before
{Heap before GC invocations=9 (full 0):
 garbage-first heap   total 68608K, used 67884K [0x00000006c0000000, 0x00000007c0000000)
  region size 1024K, 55 young (56320K), 6 survivors (6144K)
 Metaspace       used 40577K, capacity 41910K, committed 42128K, reserved 1085440K
  class space    used 5071K, capacity 5607K, committed 5632K, reserved 1048576K
}
Event: 1.478 GC heap after
{Heap after GC invocations=10 (full 0):
 garbage-first heap   total 77824K, used 20043K [0x00000006c0000000, 0x00000007c0000000)
  region size 1024K, 8 young (8192K), 8 survivors (8192K)
 Metaspace       used 40577K, capacity 41910K, committed 42128K, reserved 1085440K
  class space    used 5071K, capacity 5607K, committed 5632K, reserved 1048576K
}
Event: 1.683 GC heap before
{Heap before GC invocations=10 (full 0):
 garbage-first heap   total 77824K, used 54859K [0x00000006c0000000, 0x00000007c0000000)
  region size 1024K, 42 young (43008K), 8 survivors (8192K)
 Metaspace       used 44545K, capacity 46093K, committed 46352K, reserved 1089536K
  class space    used 5601K, capacity 6212K, committed 6272K, reserved 1048576K
}
Event: 1.687 GC heap after
{Heap after GC invocations=11 (full 0):
 garbage-first heap   total 94208K, used 22127K [0x00000006c0000000, 0x00000007c0000000)
  region size 1024K, 6 young (6144K), 6 survivors (6144K)
 Metaspace       used 44545K, capacity 46093K, committed 46352K, reserved 1089536K
  class space    used 5601K, capacity 6212K, committed 6272K, reserved 1048576K
}

