# JRE version: OpenJDK Runtime Environment Zulu13.37+21-CA (13.0.6+5) (build 13.0.6+5-MTS)
# Java VM: OpenJDK 64-Bit Server VM Zulu13.37+21-CA (13.0.6+5-MTS, mixed mode, tiered, compressed oops, g1 gc, bsd-aarch64)
Heap:
 garbage-first heap   total 92160K, used 25236K [0x00000006c0000000, 0x00000007c0000000)
  region size 1024K, 11 young (11264K), 6 survivors (6144K)
 Metaspace       used 45741K, capacity 47318K, committed 47472K, reserved 1091584K
  class space    used 5725K, capacity 6323K, committed 6336K, reserved 1048576K
GC Heap History (18 events):
Event: 0.428 GC heap before
{Heap before GC invocations=0 (full 0):
 garbage-first heap   total 262144K, used 25600K [0x00000006c0000000, 0x00000007c0000000)
  region size 1024K, 24 young (24576K), 0 survivors (0K)
 Metaspace       used 13165K, capacity 13483K, committed 13824K, reserved 1060864K
  class space    used 1360K, capacity 1466K, committed 1536K, reserved 1048576K
}
Event: 0.432 GC heap after
{Heap after GC invocations=1 (full 0):
 garbage-first heap   total 262144K, used 8834K [0x00000006c0000000, 0x00000007c0000000)
  region size 1024K, 3 young (3072K), 3 survivors (3072K)
 Metaspace       used 13165K, capacity 13483K, committed 13824K, reserved 1060864K
  class space    used 1360K, capacity 1466K, committed 1536K, reserved 1048576K
}
Event: 0.654 GC heap before
{Heap before GC invocations=1 (full 0):
 garbage-first heap   total 262144K, used 54914K [0x00000006c0000000, 0x00000007c0000000)
  region size 1024K, 49 young (50176K), 3 survivors (3072K)
 Metaspace       used 20488K, capacity 21087K, committed 21248K, reserved 1069056K
  class space    used 2353K, capacity 2551K, committed 2560K, reserved 1048576K
}
Event: 0.657 GC heap after
{Heap after GC invocations=2 (full 0):
 garbage-first heap   total 262144K, used 11125K [0x00000006c0000000, 0x00000007c0000000)
  region size 1024K, 6 young (6144K), 6 survivors (6144K)
 Metaspace       used 20488K, capacity 21087K, committed 21248K, reserved 1069056K
  class space    used 2353K, capacity 2551K, committed 2560K, reserved 1048576K
}
Event: 0.771 GC heap before
{Heap before GC invocations=3 (full 0):
 garbage-first heap   total 48128K, used 45941K [0x00000006c0000000, 0x00000007c0000000)
  region size 1024K, 41 young (41984K), 6 survivors (6144K)
 Metaspace       used 24127K, capacity 24775K, committed 24960K, reserved 1071104K
  class space    used 2835K, capacity 3102K, committed 3200K, reserved 1048576K
}
Event: 0.775 GC heap after
{Heap after GC invocations=4 (full 0):
 garbage-first heap   total 55296K, used 12755K [0x00000006c0000000, 0x00000007c0000000)
  region size 1024K, 4 young (4096K), 4 survivors (4096K)
 Metaspace       used 24127K, capacity 24775K, committed 24960K, reserved 1071104K
  class space    used 2835K, capacity 3102K, committed 3200K, reserved 1048576K
}
Event: 0.876 GC heap before
{Heap before GC invocations=4 (full 0):
 garbage-first heap   total 55296K, used 36307K [0x00000006c0000000, 0x00000007c0000000)
  region size 1024K, 27 young (27648K), 4 survivors (4096K)
 Metaspace       used 25452K, capacity 26241K, committed 26496K, reserved 1073152K
  class space    used 3039K, capacity 3335K, committed 3456K, reserved 1048576K
}
Event: 0.878 GC heap after
{Heap after GC invocations=5 (full 0):
 garbage-first heap   total 55296K, used 13058K [0x00000006c0000000, 0x00000007c0000000)
  region size 1024K, 3 young (3072K), 3 survivors (3072K)
 Metaspace       used 25452K, capacity 26241K, committed 26496K, reserved 1073152K
  class space    used 3039K, capacity 3335K, committed 3456K, reserved 1048576K
}
Event: 0.996 GC heap before
{Heap before GC invocations=5 (full 0):
 garbage-first heap   total 55296K, used 37634K [0x00000006c0000000, 0x00000007c0000000)
  region size 1024K, 27 young (27648K), 3 survivors (3072K)
 Metaspace       used 27862K, capacity 28741K, committed 28928K, reserved 1075200K
  class space    used 3372K, capacity 3718K, committed 3840K, reserved 1048576K
}
Event: 0.999 GC heap after
{Heap after GC invocations=6 (full 0):
 garbage-first heap   total 158720K, used 14066K [0x00000006c0000000, 0x00000007c0000000)
  region size 1024K, 2 young (2048K), 2 survivors (2048K)
 Metaspace       used 27862K, capacity 28741K, committed 28928K, reserved 1075200K
  class space    used 3372K, capacity 3718K, committed 3840K, reserved 1048576K
}
Event: 1.255 GC heap before
{Heap before GC invocations=6 (full 0):
 garbage-first heap   total 158720K, used 87794K [0x00000006c0000000, 0x00000007c0000000)
  region size 1024K, 74 young (75776K), 2 survivors (2048K)
 Metaspace       used 34178K, capacity 35309K, committed 35456K, reserved 1079296K
  class space    used 4214K, capacity 4688K, committed 4736K, reserved 1048576K
}
Event: 1.258 GC heap after
{Heap after GC invocations=7 (full 0):
 garbage-first heap   total 158720K, used 17402K [0x00000006c0000000, 0x00000007c0000000)
  region size 1024K, 6 young (6144K), 6 survivors (6144K)
 Metaspace       used 34178K, capacity 35309K, committed 35456K, reserved 1079296K
  class space    used 4214K, capacity 4688K, committed 4736K, reserved 1048576K
}
Event: 1.274 GC heap before
{Heap before GC invocations=7 (full 0):
 garbage-first heap   total 158720K, used 20474K [0x00000006c0000000, 0x00000007c0000000)
  region size 1024K, 10 young (10240K), 6 survivors (6144K)
 Metaspace       used 34468K, capacity 35553K, committed 35632K, reserved 1081344K
  class space    used 4255K, capacity 4726K, committed 4736K, reserved 1048576K
}
Event: 1.277 GC heap after
{Heap after GC invocations=8 (full 0):
 garbage-first heap   total 158720K, used 17627K [0x00000006c0000000, 0x00000007c0000000)
  region size 1024K, 6 young (6144K), 6 survivors (6144K)
 Metaspace       used 34468K, capacity 35553K, committed 35632K, reserved 1081344K
  class space    used 4255K, capacity 4726K, committed 4736K, reserved 1048576K
}
Event: 1.498 GC heap before
{Heap before GC invocations=9 (full 0):
 garbage-first heap   total 68608K, used 66779K [0x00000006c0000000, 0x00000007c0000000)
  region size 1024K, 54 young (55296K), 6 survivors (6144K)
 Metaspace       used 40562K, capacity 41838K, committed 41968K, reserved 1085440K
  class space    used 5071K, capacity 5605K, committed 5696K, reserved 1048576K
}
Event: 1.502 GC heap after
{Heap after GC invocations=10 (full 0):
 garbage-first heap   total 76800K, used 20237K [0x00000006c0000000, 0x00000007c0000000)
  region size 1024K, 8 young (8192K), 8 survivors (8192K)
 Metaspace       used 40562K, capacity 41838K, committed 41968K, reserved 1085440K
  class space    used 5071K, capacity 5605K, committed 5696K, reserved 1048576K
}
Event: 12.586 GC heap before
{Heap before GC invocations=10 (full 0):
 garbage-first heap   total 76800K, used 57101K [0x00000006c0000000, 0x00000007c0000000)
  region size 1024K, 45 young (46080K), 8 survivors (8192K)
 Metaspace       used 44982K, capacity 46520K, committed 46704K, reserved 1089536K
  class space    used 5643K, capacity 6249K, committed 6336K, reserved 1048576K
}
Event: 12.591 GC heap after
{Heap after GC invocations=11 (full 0):
 garbage-first heap   total 92160K, used 22164K [0x00000006c0000000, 0x00000007c0000000)
  region size 1024K, 6 young (6144K), 6 survivors (6144K)
 Metaspace       used 44982K, capacity 46520K, committed 46704K, reserved 1089536K
  class space    used 5643K, capacity 6249K, committed 6336K, reserved 1048576K
}

