# JRE version: OpenJDK Runtime Environment Zulu13.37+21-CA (13.0.6+5) (build 13.0.6+5-MTS)
# Java VM: OpenJDK 64-Bit Server VM Zulu13.37+21-CA (13.0.6+5-MTS, mixed mode, tiered, compressed oops, g1 gc, bsd-aarch64)
Heap:
 garbage-first heap   total 157696K, used 21947K [0x00000006c0000000, 0x00000007c0000000)
  region size 1024K, 11 young (11264K), 2 survivors (2048K)
 Metaspace       used 27927K, capacity 28725K, committed 28800K, reserved 1075200K
  class space    used 3356K, capacity 3667K, committed 3712K, reserved 1048576K
GC Heap History (10 events):
Event: 0.432 GC heap before
{Heap before GC invocations=0 (full 0):
 garbage-first heap   total 262144K, used 25600K [0x00000006c0000000, 0x00000007c0000000)
  region size 1024K, 24 young (24576K), 0 survivors (0K)
 Metaspace       used 13144K, capacity 13483K, committed 13568K, reserved 1060864K
  class space    used 1360K, capacity 1466K, committed 1536K, reserved 1048576K
}
Event: 0.435 GC heap after
{Heap after GC invocations=1 (full 0):
 garbage-first heap   total 262144K, used 8708K [0x00000006c0000000, 0x00000007c0000000)
  region size 1024K, 3 young (3072K), 3 survivors (3072K)
 Metaspace       used 13144K, capacity 13483K, committed 13568K, reserved 1060864K
  class space    used 1360K, capacity 1466K, committed 1536K, reserved 1048576K
}
Event: 0.656 GC heap before
{Heap before GC invocations=1 (full 0):
 garbage-first heap   total 262144K, used 53764K [0x00000006c0000000, 0x00000007c0000000)
  region size 1024K, 48 young (49152K), 3 survivors (3072K)
 Metaspace       used 20443K, capacity 21017K, committed 21248K, reserved 1069056K
  class space    used 2336K, capacity 2549K, committed 2560K, reserved 1048576K
}
Event: 0.659 GC heap after
{Heap after GC invocations=2 (full 0):
 garbage-first heap   total 262144K, used 10756K [0x00000006c0000000, 0x00000007c0000000)
  region size 1024K, 5 young (5120K), 5 survivors (5120K)
 Metaspace       used 20443K, capacity 21017K, committed 21248K, reserved 1069056K
  class space    used 2336K, capacity 2549K, committed 2560K, reserved 1048576K
}
Event: 0.758 GC heap before
{Heap before GC invocations=3 (full 0):
 garbage-first heap   total 45056K, used 43524K [0x00000006c0000000, 0x00000007c0000000)
  region size 1024K, 38 young (38912K), 5 survivors (5120K)
 Metaspace       used 23998K, capacity 24653K, committed 24960K, reserved 1071104K
  class space    used 2800K, capacity 3082K, committed 3200K, reserved 1048576K
}
Event: 0.762 GC heap after
{Heap after GC invocations=4 (full 0):
 garbage-first heap   total 52224K, used 12211K [0x00000006c0000000, 0x00000007c0000000)
  region size 1024K, 4 young (4096K), 4 survivors (4096K)
 Metaspace       used 23998K, capacity 24653K, committed 24960K, reserved 1071104K
  class space    used 2800K, capacity 3082K, committed 3200K, reserved 1048576K
}
Event: 0.857 GC heap before
{Heap before GC invocations=4 (full 0):
 garbage-first heap   total 52224K, used 33715K [0x00000006c0000000, 0x00000007c0000000)
  region size 1024K, 25 young (25600K), 4 survivors (4096K)
 Metaspace       used 25253K, capacity 26002K, committed 26112K, reserved 1073152K
  class space    used 2978K, capacity 3275K, committed 3328K, reserved 1048576K
}
Event: 0.860 GC heap after
{Heap after GC invocations=5 (full 0):
 garbage-first heap   total 52224K, used 13322K [0x00000006c0000000, 0x00000007c0000000)
  region size 1024K, 3 young (3072K), 3 survivors (3072K)
 Metaspace       used 25253K, capacity 26002K, committed 26112K, reserved 1073152K
  class space    used 2978K, capacity 3275K, committed 3328K, reserved 1048576K
}
Event: 0.974 GC heap before
{Heap before GC invocations=5 (full 0):
 garbage-first heap   total 52224K, used 35850K [0x00000006c0000000, 0x00000007c0000000)
  region size 1024K, 25 young (25600K), 3 survivors (3072K)
 Metaspace       used 27193K, capacity 27974K, committed 28160K, reserved 1073152K
  class space    used 3255K, capacity 3568K, committed 3584K, reserved 1048576K
}
Event: 0.977 GC heap after
{Heap after GC invocations=6 (full 0):
 garbage-first heap   total 157696K, used 13755K [0x00000006c0000000, 0x00000007c0000000)
  region size 1024K, 2 young (2048K), 2 survivors (2048K)
 Metaspace       used 27193K, capacity 27974K, committed 28160K, reserved 1073152K
  class space    used 3255K, capacity 3568K, committed 3584K, reserved 1048576K
}

