# JRE version: OpenJDK Runtime Environment Zulu13.37+21-CA (13.0.6+5) (build 13.0.6+5-MTS)
# Java VM: OpenJDK 64-Bit Server VM Zulu13.37+21-CA (13.0.6+5-MTS, mixed mode, tiered, compressed oops, g1 gc, bsd-aarch64)
Heap:
 garbage-first heap   total 155648K, used 29746K [0x00000006c0000000, 0x00000007c0000000)
  region size 1024K, 19 young (19456K), 2 survivors (2048K)
 Metaspace       used 27928K, capacity 28725K, committed 28976K, reserved 1075200K
  class space    used 3355K, capacity 3667K, committed 3712K, reserved 1048576K
GC Heap History (10 events):
Event: 0.506 GC heap before
{Heap before GC invocations=0 (full 0):
 garbage-first heap   total 262144K, used 25600K [0x00000006c0000000, 0x00000007c0000000)
  region size 1024K, 24 young (24576K), 0 survivors (0K)
 Metaspace       used 13144K, capacity 13483K, committed 13568K, reserved 1060864K
  class space    used 1360K, capacity 1466K, committed 1536K, reserved 1048576K
}
Event: 0.511 GC heap after
{Heap after GC invocations=1 (full 0):
 garbage-first heap   total 262144K, used 8722K [0x00000006c0000000, 0x00000007c0000000)
  region size 1024K, 3 young (3072K), 3 survivors (3072K)
 Metaspace       used 13144K, capacity 13483K, committed 13568K, reserved 1060864K
  class space    used 1360K, capacity 1466K, committed 1536K, reserved 1048576K
}
Event: 0.846 GC heap before
{Heap before GC invocations=1 (full 0):
 garbage-first heap   total 262144K, used 54802K [0x00000006c0000000, 0x00000007c0000000)
  region size 1024K, 49 young (50176K), 3 survivors (3072K)
 Metaspace       used 20571K, capacity 21116K, committed 21296K, reserved 1069056K
  class space    used 2352K, capacity 2582K, committed 2688K, reserved 1048576K
}
Event: 0.850 GC heap after
{Heap after GC invocations=2 (full 0):
 garbage-first heap   total 262144K, used 10873K [0x00000006c0000000, 0x00000007c0000000)
  region size 1024K, 6 young (6144K), 6 survivors (6144K)
 Metaspace       used 20571K, capacity 21116K, committed 21296K, reserved 1069056K
  class space    used 2352K, capacity 2582K, committed 2688K, reserved 1048576K
}
Event: 0.943 GC heap before
{Heap before GC invocations=3 (full 0):
 garbage-first heap   total 48128K, used 38521K [0x00000006c0000000, 0x00000007c0000000)
  region size 1024K, 33 young (33792K), 6 survivors (6144K)
 Metaspace       used 23568K, capacity 24237K, committed 24496K, reserved 1071104K
  class space    used 2766K, capacity 3050K, committed 3072K, reserved 1048576K
}
Event: 0.946 GC heap after
{Heap after GC invocations=4 (full 0):
 garbage-first heap   total 48128K, used 11880K [0x00000006c0000000, 0x00000007c0000000)
  region size 1024K, 4 young (4096K), 4 survivors (4096K)
 Metaspace       used 23568K, capacity 24237K, committed 24496K, reserved 1071104K
  class space    used 2766K, capacity 3050K, committed 3072K, reserved 1048576K
}
Event: 1.035 GC heap before
{Heap before GC invocations=4 (full 0):
 garbage-first heap   total 48128K, used 32360K [0x00000006c0000000, 0x00000007c0000000)
  region size 1024K, 24 young (24576K), 4 survivors (4096K)
 Metaspace       used 24800K, capacity 25524K, committed 25776K, reserved 1071104K
  class space    used 2926K, capacity 3203K, committed 3328K, reserved 1048576K
}
Event: 1.037 GC heap after
{Heap after GC invocations=5 (full 0):
 garbage-first heap   total 48128K, used 13121K [0x00000006c0000000, 0x00000007c0000000)
  region size 1024K, 3 young (3072K), 3 survivors (3072K)
 Metaspace       used 24800K, capacity 25524K, committed 25776K, reserved 1071104K
  class space    used 2926K, capacity 3203K, committed 3328K, reserved 1048576K
}
Event: 1.133 GC heap before
{Heap before GC invocations=5 (full 0):
 garbage-first heap   total 48128K, used 33601K [0x00000006c0000000, 0x00000007c0000000)
  region size 1024K, 23 young (23552K), 3 survivors (3072K)
 Metaspace       used 26311K, capacity 27106K, committed 27184K, reserved 1073152K
  class space    used 3136K, capacity 3449K, committed 3456K, reserved 1048576K
}
Event: 1.136 GC heap after
{Heap after GC invocations=6 (full 0):
 garbage-first heap   total 155648K, used 13362K [0x00000006c0000000, 0x00000007c0000000)
  region size 1024K, 2 young (2048K), 2 survivors (2048K)
 Metaspace       used 26311K, capacity 27106K, committed 27184K, reserved 1073152K
  class space    used 3136K, capacity 3449K, committed 3456K, reserved 1048576K
}

