# JRE version: OpenJDK Runtime Environment Zulu13.37+21-CA (13.0.6+5) (build 13.0.6+5-MTS)
# Java VM: OpenJDK 64-Bit Server VM Zulu13.37+21-CA (13.0.6+5-MTS, mixed mode, tiered, compressed oops, g1 gc, bsd-aarch64)
Heap:
 garbage-first heap   total 155648K, used 31504K [0x00000006c0000000, 0x00000007c0000000)
  region size 1024K, 21 young (21504K), 2 survivors (2048K)
 Metaspace       used 27664K, capacity 28474K, committed 28544K, reserved 1075200K
  class space    used 3338K, capacity 3668K, committed 3712K, reserved 1048576K
GC Heap History (10 events):
Event: 0.357 GC heap before
{Heap before GC invocations=0 (full 0):
 garbage-first heap   total 262144K, used 25600K [0x00000006c0000000, 0x00000007c0000000)
  region size 1024K, 24 young (24576K), 0 survivors (0K)
 Metaspace       used 13149K, capacity 13483K, committed 13568K, reserved 1060864K
  class space    used 1360K, capacity 1466K, committed 1536K, reserved 1048576K
}
Event: 0.361 GC heap after
{Heap after GC invocations=1 (full 0):
 garbage-first heap   total 262144K, used 8760K [0x00000006c0000000, 0x00000007c0000000)
  region size 1024K, 3 young (3072K), 3 survivors (3072K)
 Metaspace       used 13149K, capacity 13483K, committed 13568K, reserved 1060864K
  class space    used 1360K, capacity 1466K, committed 1536K, reserved 1048576K
}
Event: 0.597 GC heap before
{Heap before GC invocations=1 (full 0):
 garbage-first heap   total 262144K, used 54840K [0x00000006c0000000, 0x00000007c0000000)
  region size 1024K, 49 young (50176K), 3 survivors (3072K)
 Metaspace       used 20458K, capacity 21058K, committed 21376K, reserved 1069056K
  class space    used 2354K, capacity 2584K, committed 2688K, reserved 1048576K
}
Event: 0.600 GC heap after
{Heap after GC invocations=2 (full 0):
 garbage-first heap   total 262144K, used 11056K [0x00000006c0000000, 0x00000007c0000000)
  region size 1024K, 6 young (6144K), 6 survivors (6144K)
 Metaspace       used 20458K, capacity 21058K, committed 21376K, reserved 1069056K
  class space    used 2354K, capacity 2584K, committed 2688K, reserved 1048576K
}
Event: 0.663 GC heap before
{Heap before GC invocations=3 (full 0):
 garbage-first heap   total 48128K, used 32560K [0x00000006c0000000, 0x00000007c0000000)
  region size 1024K, 28 young (28672K), 6 survivors (6144K)
 Metaspace       used 23099K, capacity 23766K, committed 24064K, reserved 1071104K
  class space    used 2717K, capacity 2977K, committed 3072K, reserved 1048576K
}
Event: 0.667 GC heap after
{Heap after GC invocations=4 (full 0):
 garbage-first heap   total 48128K, used 11727K [0x00000006c0000000, 0x00000007c0000000)
  region size 1024K, 1 young (1024K), 1 survivors (1024K)
 Metaspace       used 23099K, capacity 23766K, committed 24064K, reserved 1071104K
  class space    used 2717K, capacity 2977K, committed 3072K, reserved 1048576K
}
Event: 0.744 GC heap before
{Heap before GC invocations=4 (full 0):
 garbage-first heap   total 48128K, used 32207K [0x00000006c0000000, 0x00000007c0000000)
  region size 1024K, 21 young (21504K), 1 survivors (1024K)
 Metaspace       used 24489K, capacity 25257K, committed 25472K, reserved 1071104K
  class space    used 2901K, capacity 3200K, committed 3200K, reserved 1048576K
}
Event: 0.746 GC heap after
{Heap after GC invocations=5 (full 0):
 garbage-first heap   total 48128K, used 12675K [0x00000006c0000000, 0x00000007c0000000)
  region size 1024K, 2 young (2048K), 2 survivors (2048K)
 Metaspace       used 24489K, capacity 25257K, committed 25472K, reserved 1071104K
  class space    used 2901K, capacity 3200K, committed 3200K, reserved 1048576K
}
Event: 0.828 GC heap before
{Heap before GC invocations=5 (full 0):
 garbage-first heap   total 48128K, used 33155K [0x00000006c0000000, 0x00000007c0000000)
  region size 1024K, 22 young (22528K), 2 survivors (2048K)
 Metaspace       used 25831K, capacity 26663K, committed 26752K, reserved 1073152K
  class space    used 3083K, capacity 3408K, committed 3456K, reserved 1048576K
}
Event: 0.831 GC heap after
{Heap after GC invocations=6 (full 0):
 garbage-first heap   total 155648K, used 13072K [0x00000006c0000000, 0x00000007c0000000)
  region size 1024K, 2 young (2048K), 2 survivors (2048K)
 Metaspace       used 25831K, capacity 26663K, committed 26752K, reserved 1073152K
  class space    used 3083K, capacity 3408K, committed 3456K, reserved 1048576K
}

