# JRE version: OpenJDK Runtime Environment Zulu13.37+21-CA (13.0.6+5) (build 13.0.6+5-MTS)
# Java VM: OpenJDK 64-Bit Server VM Zulu13.37+21-CA (13.0.6+5-MTS, mixed mode, tiered, compressed oops, g1 gc, bsd-aarch64)
Heap:
 garbage-first heap   total 48128K, used 29728K [0x00000006c0000000, 0x00000007c0000000)
  region size 1024K, 19 young (19456K), 2 survivors (2048K)
 Metaspace       used 27662K, capacity 28472K, committed 28720K, reserved 1075200K
  class space    used 3338K, capacity 3668K, committed 3712K, reserved 1048576K
GC Heap History (10 events):
Event: 0.350 GC heap before
{Heap before GC invocations=0 (full 0):
 garbage-first heap   total 262144K, used 25600K [0x00000006c0000000, 0x00000007c0000000)
  region size 1024K, 24 young (24576K), 0 survivors (0K)
 Metaspace       used 13154K, capacity 13483K, committed 13824K, reserved 1060864K
  class space    used 1360K, capacity 1466K, committed 1536K, reserved 1048576K
}
Event: 0.354 GC heap after
{Heap after GC invocations=1 (full 0):
 garbage-first heap   total 262144K, used 8817K [0x00000006c0000000, 0x00000007c0000000)
  region size 1024K, 3 young (3072K), 3 survivors (3072K)
 Metaspace       used 13154K, capacity 13483K, committed 13824K, reserved 1060864K
  class space    used 1360K, capacity 1466K, committed 1536K, reserved 1048576K
}
Event: 0.617 GC heap before
{Heap before GC invocations=1 (full 0):
 garbage-first heap   total 262144K, used 55921K [0x00000006c0000000, 0x00000007c0000000)
  region size 1024K, 50 young (51200K), 3 survivors (3072K)
 Metaspace       used 20608K, capacity 21134K, committed 21296K, reserved 1069056K
  class space    used 2377K, capacity 2587K, committed 2688K, reserved 1048576K
}
Event: 0.620 GC heap after
{Heap after GC invocations=2 (full 0):
 garbage-first heap   total 262144K, used 10938K [0x00000006c0000000, 0x00000007c0000000)
  region size 1024K, 6 young (6144K), 6 survivors (6144K)
 Metaspace       used 20608K, capacity 21134K, committed 21296K, reserved 1069056K
  class space    used 2377K, capacity 2587K, committed 2688K, reserved 1048576K
}
Event: 0.691 GC heap before
{Heap before GC invocations=3 (full 0):
 garbage-first heap   total 48128K, used 33466K [0x00000006c0000000, 0x00000007c0000000)
  region size 1024K, 28 young (28672K), 6 survivors (6144K)
 Metaspace       used 23200K, capacity 23851K, committed 23984K, reserved 1071104K
  class space    used 2729K, capacity 2984K, committed 3072K, reserved 1048576K
}
Event: 0.695 GC heap after
{Heap after GC invocations=4 (full 0):
 garbage-first heap   total 48128K, used 12075K [0x00000006c0000000, 0x00000007c0000000)
  region size 1024K, 2 young (2048K), 2 survivors (2048K)
 Metaspace       used 23200K, capacity 23851K, committed 23984K, reserved 1071104K
  class space    used 2729K, capacity 2984K, committed 3072K, reserved 1048576K
}
Event: 0.767 GC heap before
{Heap before GC invocations=4 (full 0):
 garbage-first heap   total 48128K, used 31531K [0x00000006c0000000, 0x00000007c0000000)
  region size 1024K, 22 young (22528K), 2 survivors (2048K)
 Metaspace       used 24510K, capacity 25268K, committed 25520K, reserved 1071104K
  class space    used 2904K, capacity 3203K, committed 3328K, reserved 1048576K
}
Event: 0.768 GC heap after
{Heap after GC invocations=5 (full 0):
 garbage-first heap   total 48128K, used 12836K [0x00000006c0000000, 0x00000007c0000000)
  region size 1024K, 2 young (2048K), 2 survivors (2048K)
 Metaspace       used 24510K, capacity 25268K, committed 25520K, reserved 1071104K
  class space    used 2904K, capacity 3203K, committed 3328K, reserved 1048576K
}
Event: 0.857 GC heap before
{Heap before GC invocations=5 (full 0):
 garbage-first heap   total 48128K, used 34340K [0x00000006c0000000, 0x00000007c0000000)
  region size 1024K, 23 young (23552K), 2 survivors (2048K)
 Metaspace       used 26053K, capacity 26853K, committed 26928K, reserved 1073152K
  class space    used 3121K, capacity 3450K, committed 3456K, reserved 1048576K
}
Event: 0.859 GC heap after
{Heap after GC invocations=6 (full 0):
 garbage-first heap   total 48128K, used 13344K [0x00000006c0000000, 0x00000007c0000000)
  region size 1024K, 2 young (2048K), 2 survivors (2048K)
 Metaspace       used 26053K, capacity 26853K, committed 26928K, reserved 1073152K
  class space    used 3121K, capacity 3450K, committed 3456K, reserved 1048576K
}

