# JRE version: OpenJDK Runtime Environment Zulu13.37+21-CA (13.0.6+5) (build 13.0.6+5-MTS)
# Java VM: OpenJDK 64-Bit Server VM Zulu13.37+21-CA (13.0.6+5-MTS, mixed mode, tiered, compressed oops, g1 gc, bsd-aarch64)
Heap:
 garbage-first heap   total 153600K, used 35526K [0x00000006c0000000, 0x00000007c0000000)
  region size 1024K, 25 young (25600K), 2 survivors (2048K)
 Metaspace       used 27621K, capacity 28469K, committed 28544K, reserved 1075200K
  class space    used 3338K, capacity 3667K, committed 3712K, reserved 1048576K
GC Heap History (10 events):
Event: 0.325 GC heap before
{Heap before GC invocations=0 (full 0):
 garbage-first heap   total 262144K, used 25600K [0x00000006c0000000, 0x00000007c0000000)
  region size 1024K, 24 young (24576K), 0 survivors (0K)
 Metaspace       used 13149K, capacity 13483K, committed 13568K, reserved 1060864K
  class space    used 1360K, capacity 1466K, committed 1536K, reserved 1048576K
}
Event: 0.329 GC heap after
{Heap after GC invocations=1 (full 0):
 garbage-first heap   total 262144K, used 8938K [0x00000006c0000000, 0x00000007c0000000)
  region size 1024K, 3 young (3072K), 3 survivors (3072K)
 Metaspace       used 13149K, capacity 13483K, committed 13568K, reserved 1060864K
  class space    used 1360K, capacity 1466K, committed 1536K, reserved 1048576K
}
Event: 0.565 GC heap before
{Heap before GC invocations=1 (full 0):
 garbage-first heap   total 262144K, used 52970K [0x00000006c0000000, 0x00000007c0000000)
  region size 1024K, 48 young (49152K), 3 survivors (3072K)
 Metaspace       used 20483K, capacity 21020K, committed 21248K, reserved 1069056K
  class space    used 2352K, capacity 2550K, committed 2560K, reserved 1048576K
}
Event: 0.569 GC heap after
{Heap after GC invocations=2 (full 0):
 garbage-first heap   total 262144K, used 10986K [0x00000006c0000000, 0x00000007c0000000)
  region size 1024K, 5 young (5120K), 5 survivors (5120K)
 Metaspace       used 20483K, capacity 21020K, committed 21248K, reserved 1069056K
  class space    used 2352K, capacity 2550K, committed 2560K, reserved 1048576K
}
Event: 0.671 GC heap before
{Heap before GC invocations=3 (full 0):
 garbage-first heap   total 45056K, used 32490K [0x00000006c0000000, 0x00000007c0000000)
  region size 1024K, 26 young (26624K), 5 survivors (5120K)
 Metaspace       used 23060K, capacity 23731K, committed 23936K, reserved 1071104K
  class space    used 2710K, capacity 2944K, committed 2944K, reserved 1048576K
}
Event: 0.676 GC heap after
{Heap after GC invocations=4 (full 0):
 garbage-first heap   total 45056K, used 11889K [0x00000006c0000000, 0x00000007c0000000)
  region size 1024K, 2 young (2048K), 2 survivors (2048K)
 Metaspace       used 23060K, capacity 23731K, committed 23936K, reserved 1071104K
  class space    used 2710K, capacity 2944K, committed 2944K, reserved 1048576K
}
Event: 0.797 GC heap before
{Heap before GC invocations=4 (full 0):
 garbage-first heap   total 45056K, used 30321K [0x00000006c0000000, 0x00000007c0000000)
  region size 1024K, 20 young (20480K), 2 survivors (2048K)
 Metaspace       used 24215K, capacity 24918K, committed 25216K, reserved 1071104K
  class space    used 2854K, capacity 3106K, committed 3200K, reserved 1048576K
}
Event: 0.799 GC heap after
{Heap after GC invocations=5 (full 0):
 garbage-first heap   total 45056K, used 12596K [0x00000006c0000000, 0x00000007c0000000)
  region size 1024K, 2 young (2048K), 2 survivors (2048K)
 Metaspace       used 24215K, capacity 24918K, committed 25216K, reserved 1071104K
  class space    used 2854K, capacity 3106K, committed 3200K, reserved 1048576K
}
Event: 0.905 GC heap before
{Heap before GC invocations=5 (full 0):
 garbage-first heap   total 45056K, used 32052K [0x00000006c0000000, 0x00000007c0000000)
  region size 1024K, 21 young (21504K), 2 survivors (2048K)
 Metaspace       used 25409K, capacity 26177K, committed 26496K, reserved 1073152K
  class space    used 3035K, capacity 3335K, committed 3456K, reserved 1048576K
}
Event: 0.908 GC heap after
{Heap after GC invocations=6 (full 0):
 garbage-first heap   total 153600K, used 12998K [0x00000006c0000000, 0x00000007c0000000)
  region size 1024K, 2 young (2048K), 2 survivors (2048K)
 Metaspace       used 25409K, capacity 26177K, committed 26496K, reserved 1073152K
  class space    used 3035K, capacity 3335K, committed 3456K, reserved 1048576K
}

